#
# There is insufficient memory for the Java Runtime Environment to continue.
# Native memory allocation (mmap) failed to map 100663296 bytes for G1 virtual space
# Possible reasons:
#   The system is out of physical RAM or swap space
#   The process is running with CompressedOops enabled, and the Java Heap may be blocking the growth of the native heap
# Possible solutions:
#   Reduce memory load on the system
#   Increase physical memory or swap space
#   Check if swap backing store is full
#   Decrease Java heap size (-Xmx/-Xms)
#   Decrease number of Java threads
#   Decrease Java thread stack sizes (-Xss)
#   Set larger code cache with -XX:ReservedCodeCacheSize=
#   JVM is running with Unscaled Compressed Oops mode in which the Java heap is
#     placed in the first 4GB address space. The Java Heap base address is the
#     maximum limit for the native heap growth. Please use -XX:HeapBaseMinAddress
#     to set the Java Heap base and to place the Java Heap above 4GB virtual address.
# This output file may be truncated or incomplete.
#
#  Out of Memory Error (./open/src/hotspot/os/windows/os_windows.cpp:3321), pid=11992, tid=18784
#
# JRE version:  (15.0.2+7) (build )
# Java VM: OpenJDK 64-Bit Server VM (15.0.2+7-27, mixed mode, sharing, tiered, compressed oops, g1 gc, windows-amd64)
# No core dump will be written. Minidumps are not enabled by default on client versions of Windows
#

---------------  S U M M A R Y ------------

Command Line: C:\Users\ADMIN\Desktop\Ukoly OMO\semPJV\mendiaky\pjv-mendiaky-chess\target\surefire\surefirebooter13769736681457162824.jar C:\Users\ADMIN\Desktop\Ukoly OMO\semPJV\mendiaky\pjv-mendiaky-chess\target\surefire\surefire9496723398538268990tmp C:\Users\ADMIN\Desktop\Ukoly OMO\semPJV\mendiaky\pjv-mendiaky-chess\target\surefire\surefire_010965025671432525437tmp

Host: AMD Ryzen 7 3700U with Radeon Vega Mobile Gfx  , 8 cores, 5G,  Windows 10 , 64 bit Build 19041 (10.0.19041.928)
Time: Fri May 28 16:14:16 2021 Западная Азия (зима) elapsed time: 0.019519 seconds (0d 0h 0m 0s)

---------------  T H R E A D  ---------------

Current thread (0x000001cb47ab2020):  JavaThread "Unknown thread" [_thread_in_vm, id=18784, stack(0x0000001cbb800000,0x0000001cbb900000)]

Stack: [0x0000001cbb800000,0x0000001cbb900000]
Native frames: (J=compiled Java code, j=interpreted, Vv=VM code, C=native code)
V  [jvm.dll+0x62ae9a]
V  [jvm.dll+0x7817a9]
V  [jvm.dll+0x782f03]
V  [jvm.dll+0x783563]
V  [jvm.dll+0x216325]
V  [jvm.dll+0x6281d9]
V  [jvm.dll+0x61cf55]
V  [jvm.dll+0x2cffdd]
V  [jvm.dll+0x2cfe42]
V  [jvm.dll+0x2d5e1c]
V  [jvm.dll+0x32590a]
V  [jvm.dll+0x324fd4]
V  [jvm.dll+0x2a6f5a]
V  [jvm.dll+0x2a80f8]
V  [jvm.dll+0x75e241]
V  [jvm.dll+0x3341c4]
V  [jvm.dll+0x73e926]
V  [jvm.dll+0x3b7557]
V  [jvm.dll+0x3b8fe1]
C  [jli.dll+0x52fb]
C  [ucrtbase.dll+0x21bb2]
C  [KERNEL32.DLL+0x17034]
C  [ntdll.dll+0x52651]


---------------  P R O C E S S  ---------------

Threads class SMR info:
_java_thread_list=0x00007ff8f01d4ff0, length=0, elements={
}

Java Threads: ( => current thread )

Other Threads:
  0x000001cb47ae9fb0 GCTaskThread "GC Thread#0" [stack: 0x0000001cbb900000,0x0000001cbba00000] [id=2656]
  0x000001cb47af87a0 ConcurrentGCThread "G1 Main Marker" [stack: 0x0000001cbba00000,0x0000001cbbb00000] [id=2148]
  0x000001cb47af9390 ConcurrentGCThread "G1 Conc#0" [stack: 0x0000001cbbb00000,0x0000001cbbc00000] [id=4268]

[error occurred during error reporting (printing all threads), id 0xc0000005, EXCEPTION_ACCESS_VIOLATION (0xc0000005) at pc=0x00007ff8ef9c7e27]

VM state: not at safepoint (not fully initialized)

VM Mutex/Monitor currently owned by a thread:  ([mutex/lock_event])
[0x000001cb47aadb80] Heap_lock - owner thread: 0x000001cb47ab2020

Heap address: 0x00000000a0c00000, size: 1524 MB, Compressed Oops mode: 32-bit
CDS archive(s) mapped at: [0x0000000000000000-0x0000000000000000-0x0000000000000000), size 0, SharedBaseAddress: 0x0000000800000000, ArchiveRelocationMode: 0.
Narrow klass base: 0x0000000000000000, Narrow klass shift: 0, Narrow klass range: 0x0

Heap:
 garbage-first heap   total 98304K, used 0K [0x00000000a0c00000, 0x0000000100000000)
  region size 1024K, 0 young (0K), 0 survivors (0K)
 Metaspace       used 0K, capacity 0K, committed 0K, reserved 0K
  class space    used 0K, capacity 0K, committed 0K, reserved 0K

Heap Regions: E=young(eden), S=young(survivor), O=old, HS=humongous(starts), HC=humongous(continues), CS=collection set, F=free, OA=open archive, CA=closed archive, TAMS=top-at-mark-start (previous, next)

Card table byte_map: [0x000001cb5f330000,0x000001cb5f630000] _byte_map_base: 0x000001cb5ee2a000

Marking Bits (Prev, Next): (CMBitMap*) 0x000001cb47aea7a0, (CMBitMap*) 0x000001cb47aea7e0
 Prev Bits: [0x000001cb5f930000, 0x000001cb61100000)
 Next Bits: [0x000001cb61100000, 0x000001cb628d0000)

GC Heap History (0 events):
No events

Deoptimization events (0 events):
No events

Classes unloaded (0 events):
No events

Classes redefined (0 events):
No events

Internal exceptions (0 events):
No events

Events (1 events):
Event: 0.010 Loaded shared library C:\Users\ADMIN\.jdks\openjdk-15.0.2\bin\java.dll


Dynamic libraries:
0x00007ff6b66f0000 - 0x00007ff6b66fd000 	C:\Users\ADMIN\.jdks\openjdk-15.0.2\bin\java.exe
0x00007ff92ce30000 - 0x00007ff92d025000 	C:\WINDOWS\SYSTEM32\ntdll.dll
0x00007ff92c790000 - 0x00007ff92c84d000 	C:\WINDOWS\System32\KERNEL32.DLL
0x00007ff92a7d0000 - 0x00007ff92aa98000 	C:\WINDOWS\System32\KERNELBASE.dll
0x00007ff92ad90000 - 0x00007ff92ae90000 	C:\WINDOWS\System32\ucrtbase.dll
0x00007ff924640000 - 0x00007ff924659000 	C:\Users\ADMIN\.jdks\openjdk-15.0.2\bin\VCRUNTIME140.dll
0x00007ff924620000 - 0x00007ff924638000 	C:\Users\ADMIN\.jdks\openjdk-15.0.2\bin\jli.dll
0x00007ff92bff0000 - 0x00007ff92c190000 	C:\WINDOWS\System32\USER32.dll
0x00007ff92ad60000 - 0x00007ff92ad82000 	C:\WINDOWS\System32\win32u.dll
0x00007ff912910000 - 0x00007ff912baa000 	C:\WINDOWS\WinSxS\amd64_microsoft.windows.common-controls_6595b64144ccf1df_6.0.19041.844_none_ca00b6081b84eb1d\COMCTL32.dll
0x00007ff92c950000 - 0x00007ff92c9ee000 	C:\WINDOWS\System32\msvcrt.dll
0x00007ff92b9c0000 - 0x00007ff92b9ea000 	C:\WINDOWS\System32\GDI32.dll
0x00007ff92a6c0000 - 0x00007ff92a7cb000 	C:\WINDOWS\System32\gdi32full.dll
0x00007ff92a620000 - 0x00007ff92a6bd000 	C:\WINDOWS\System32\msvcp_win.dll
0x00007ff92b710000 - 0x00007ff92b740000 	C:\WINDOWS\System32\IMM32.DLL
0x00007ff9240f0000 - 0x00007ff9240fc000 	C:\Users\ADMIN\.jdks\openjdk-15.0.2\bin\vcruntime140_1.dll
0x00007ff901240000 - 0x00007ff9012d1000 	C:\Users\ADMIN\.jdks\openjdk-15.0.2\bin\msvcp140.dll
0x00007ff8ef710000 - 0x00007ff8f026e000 	C:\Users\ADMIN\.jdks\openjdk-15.0.2\bin\server\jvm.dll
0x00007ff92c610000 - 0x00007ff92c6bc000 	C:\WINDOWS\System32\ADVAPI32.dll
0x00007ff92b740000 - 0x00007ff92b7db000 	C:\WINDOWS\System32\sechost.dll
0x00007ff92b5e0000 - 0x00007ff92b70b000 	C:\WINDOWS\System32\RPCRT4.dll
0x00007ff92c600000 - 0x00007ff92c608000 	C:\WINDOWS\System32\PSAPI.DLL
0x00007ff91b940000 - 0x00007ff91b949000 	C:\WINDOWS\SYSTEM32\WSOCK32.dll
0x00007ff920860000 - 0x00007ff920887000 	C:\WINDOWS\SYSTEM32\WINMM.dll
0x00007ff921c50000 - 0x00007ff921c5a000 	C:\WINDOWS\SYSTEM32\VERSION.dll
0x00007ff92c720000 - 0x00007ff92c78b000 	C:\WINDOWS\System32\WS2_32.dll
0x00007ff928e50000 - 0x00007ff928e62000 	C:\WINDOWS\SYSTEM32\kernel.appcore.dll
0x00007ff921ff0000 - 0x00007ff921ffa000 	C:\Users\ADMIN\.jdks\openjdk-15.0.2\bin\jimage.dll
0x00007ff9289f0000 - 0x00007ff928bd4000 	C:\WINDOWS\SYSTEM32\DBGHELP.DLL
0x00007ff91fee0000 - 0x00007ff91ff0c000 	C:\WINDOWS\SYSTEM32\dbgcore.DLL
0x00007ff92aaa0000 - 0x00007ff92ab20000 	C:\WINDOWS\System32\bcryptPrimitives.dll
0x00007ff91cae0000 - 0x00007ff91cb05000 	C:\Users\ADMIN\.jdks\openjdk-15.0.2\bin\java.dll

dbghelp: loaded successfully - version: 4.0.5 - missing functions: none
symbol engine: initialized successfully - sym options: 0x614 - pdb path: .;C:\Users\ADMIN\.jdks\openjdk-15.0.2\bin;C:\WINDOWS\SYSTEM32;C:\WINDOWS\WinSxS\amd64_microsoft.windows.common-controls_6595b64144ccf1df_6.0.19041.844_none_ca00b6081b84eb1d;C:\Users\ADMIN\.jdks\openjdk-15.0.2\bin\server

VM Arguments:
java_command: C:\Users\ADMIN\Desktop\Ukoly OMO\semPJV\mendiaky\pjv-mendiaky-chess\target\surefire\surefirebooter13769736681457162824.jar C:\Users\ADMIN\Desktop\Ukoly OMO\semPJV\mendiaky\pjv-mendiaky-chess\target\surefire\surefire9496723398538268990tmp C:\Users\ADMIN\Desktop\Ukoly OMO\semPJV\mendiaky\pjv-mendiaky-chess\target\surefire\surefire_010965025671432525437tmp
java_class_path (initial): C:\Users\ADMIN\Desktop\Ukoly OMO\semPJV\mendiaky\pjv-mendiaky-chess\target\surefire\surefirebooter13769736681457162824.jar
Launcher Type: SUN_STANDARD

[Global flags]
     intx CICompilerCount                          = 4                                         {product} {ergonomic}
     uint ConcGCThreads                            = 2                                         {product} {ergonomic}
     uint G1ConcRefinementThreads                  = 8                                         {product} {ergonomic}
   size_t G1HeapRegionSize                         = 1048576                                   {product} {ergonomic}
    uintx GCDrainStackTargetSize                   = 64                                        {product} {ergonomic}
   size_t InitialHeapSize                          = 100663296                                 {product} {ergonomic}
   size_t MarkStackSize                            = 4194304                                   {product} {ergonomic}
   size_t MaxHeapSize                              = 1598029824                                {product} {ergonomic}
   size_t MinHeapDeltaBytes                        = 1048576                                   {product} {ergonomic}
   size_t MinHeapSize                              = 8388608                                   {product} {ergonomic}
    uintx NonNMethodCodeHeapSize                   = 5839372                                {pd product} {ergonomic}
    uintx NonProfiledCodeHeapSize                  = 122909434                              {pd product} {ergonomic}
    uintx ProfiledCodeHeapSize                     = 122909434                              {pd product} {ergonomic}
    uintx ReservedCodeCacheSize                    = 251658240                              {pd product} {ergonomic}
     bool SegmentedCodeCache                       = true                                      {product} {ergonomic}
   size_t SoftMaxHeapSize                          = 1598029824                             {manageable} {ergonomic}
     bool UseCompressedClassPointers               = true                                 {lp64_product} {ergonomic}
     bool UseCompressedOops                        = true                                 {lp64_product} {ergonomic}
     bool UseG1GC                                  = true                                      {product} {ergonomic}
     bool UseLargePagesIndividualAllocation        = false                                  {pd product} {ergonomic}

Logging:
Log output configuration:
 #0: stdout all=warning uptime,level,tags
 #1: stderr all=off uptime,level,tags

Environment Variables:
JAVA_HOME=C:\Program Files\Java\jdk-13.0.2
PATH=C:\Program Files (x86)\Common Files\Intel\Shared Libraries\redist\intel64\compiler;C:\Program Files (x86)\Common Files\Oracle\Java\javapath;C:\WINDOWS\system32;C:\WINDOWS;C:\WINDOWS\System32\Wbem;C:\WINDOWS\System32\WindowsPowerShell\v1.0\;C:\WINDOWS\System32\OpenSSH\;C:\Program Files\Intel\WiFi\bin\;C:\Program Files\Common Files\Intel\WirelessCommon\;C:\Program Files\Java\jdk\bin\;C:\Program Files\OpenVPN\bin;C:\Program Files\apache-maven-3.6.3\bin;C:\Program Files (x86)\NVIDIA Corporation\PhysX\Common;D:\GamesMailRu\Git\cmd;C:\WINDOWS\system32;C:\WINDOWS;C:\WINDOWS\System32\Wbem;C:\WINDOWS\System32\WindowsPowerShell\v1.0\;C:\WINDOWS\System32\OpenSSH\;D:\Scripts\;D:\;C:\Users\ADMIN\AppData\Local\Microsoft\WindowsApps;D:\PyCharm 2019.2.3\bin;D:\PyCharm Community Edition 2019.2.3\bin;C:\Users\ADMIN\AppData\Local\atom\bin;D:\IntelliJ IDEA Community Edition 2019.3.3\bin;;D:\flutter\flutter\bin;D:\AndroidStudioProjects\android-sdk;;C:\Users\ADMIN\AppData\Local\Microsoft\WindowsApps
USERNAME=ADMIN
OS=Windows_NT
PROCESSOR_IDENTIFIER=AMD64 Family 23 Model 24 Stepping 1, AuthenticAMD



---------------  S Y S T E M  ---------------

OS:
 Windows 10 , 64 bit Build 19041 (10.0.19041.928)
OS uptime: 1 days 12:40 hours
HyperV virtualization detected

CPU: total 8 (initial active 8) (8 cores per cpu, 2 threads per core) family 23 model 24 stepping 1 microcode 0x0, cmov, cx8, fxsr, mmx, sse, sse2, sse3, ssse3, sse4.1, sse4.2, popcnt, vzeroupper, avx, avx2, aes, clmul, 3dnowpref, lzcnt, sse4a, ht, tsc, tscinvbit, tscinv, bmi1, bmi2, adx, sha, fma, clflush, clflushopt

Memory: 4k page, system-wide physical 6091M (476M free)
TotalPageFile size 8132M (AvailPageFile size 73M)
current process WorkingSet (physical memory assigned to process): 10M, peak: 10M
current process commit charge ("private bytes"): 60M, peak: 156M

vm_info: OpenJDK 64-Bit Server VM (15.0.2+7-27) for windows-amd64 JRE (15.0.2+7-27), built on Dec  7 2020 20:02:38 by "mach5one" with unknown MS VC++:1925

END.
